<?xml version="1.0" encoding="UTF-8"?>
<!-- Generated by org.testng.reporters.JUnitReportReporter -->
<testsuite hostname="WKWIN2371013" failures="0" tests="1" name="Tests.ThreeTests" time="0.003" errors="0" timestamp="2023-01-21T11:08:36 IST" skipped="0">
  <testcase classname="Tests.ThreeTests" name="TestThree" time="0.003"/>
  <system-out/>
</testsuite> <!-- Tests.ThreeTests -->
